{"level":"INFO","timestamp":"2020-03-01 16:00:15.818","file":"config/config.go:39","msg":"Config file changed: /Users/etongfu/Documents/Code/go-projects/api_server/conf/config.yaml"}
{"level":"INFO","timestamp":"2020-03-01 16:00:17.618","file":"config/config.go:39","msg":"Config file changed: /Users/etongfu/Documents/Code/go-projects/api_server/conf/config.yaml"}
{"level":"ERROR","timestamp":"2020-03-01 17:22:33.756","file":"model/init.go:49","msg":"Database connection failed. Database name: db_apiserver","data":{"error":"sql: unknown driver \"mysql\" (forgotten import?)"}}
{"level":"ERROR","timestamp":"2020-03-01 17:36:52.479","file":"model/init.go:33","msg":"Database connection failed. Database name: ","data":{"error":"Error 1045: Access denied for user ''@'localhost' (using password: NO)"}}
{"level":"ERROR","timestamp":"2020-03-01 17:39:55.652","file":"model/init.go:51","msg":"Database connection failed. Database name: db_apiserver","data":{"error":"Error 1045: Access denied for user 'root'@'localhost' (using password: YES)"}}
{"level":"ERROR","timestamp":"2020-03-01 17:39:55.653","file":"model/init.go:51","msg":"Database connection failed. Database name: db_apiserver","data":{"error":"Error 1045: Access denied for user 'root'@'localhost' (using password: YES)"}}
{"level":"INFO","timestamp":"2020-03-01 17:40:29.630","file":"config/config.go:39","msg":"Config file changed: /Users/etongfu/Documents/Code/go-projects/api_server/conf/config.yaml"}
{"level":"INFO","timestamp":"2020-03-01 17:41:13.059","file":"config/config.go:39","msg":"Config file changed: /Users/etongfu/Documents/Code/go-projects/api_server/conf/config.yaml"}
{"level":"INFO","timestamp":"2020-03-01 17:41:13.297","file":"config/config.go:39","msg":"Config file changed: /Users/etongfu/Documents/Code/go-projects/api_server/conf/config.yaml"}
{"level":"INFO","timestamp":"2020-03-01 17:41:13.495","file":"config/config.go:39","msg":"Config file changed: /Users/etongfu/Documents/Code/go-projects/api_server/conf/config.yaml"}
{"level":"ERROR","timestamp":"2020-03-01 17:41:17.210","file":"model/init.go:51","msg":"Database connection failed. Database name: db_apiserver","data":{"error":"Error 1045: Access denied for user 'root'@'localhost' (using password: YES)"}}
{"level":"ERROR","timestamp":"2020-03-01 17:41:17.212","file":"model/init.go:51","msg":"Database connection failed. Database name: db_apiserver","data":{"error":"Error 1045: Access denied for user 'root'@'localhost' (using password: YES)"}}
{"level":"INFO","timestamp":"2020-03-01 17:45:23.766","file":"model/init.go:52","msg":"Connect Database success!"}
{"level":"INFO","timestamp":"2020-03-01 17:45:23.768","file":"model/init.go:52","msg":"Connect Database success!"}
{"level":"INFO","timestamp":"2020-03-02 22:54:31.978","file":"model/init.go:52","msg":"Connect Database success!"}
{"level":"INFO","timestamp":"2020-03-02 22:54:31.980","file":"model/init.go:52","msg":"Connect Database success!"}
{"level":"INFO","timestamp":"2020-03-04 22:59:35.396","file":"model/init.go:52","msg":"Connect Database success!"}
{"level":"INFO","timestamp":"2020-03-04 22:59:35.399","file":"model/init.go:52","msg":"Connect Database success!"}
{"level":"INFO","timestamp":"2020-03-04 23:00:30.522","file":"user/create.go:28","msg":"URL username: admin"}
{"level":"INFO","timestamp":"2020-03-04 23:00:30.523","file":"user/create.go:31","msg":"URL key param desc: "}
{"level":"INFO","timestamp":"2020-03-04 23:00:30.523","file":"user/create.go:34","msg":"URL content type is: "}
{"level":"DEBUG","timestamp":"2020-03-04 23:00:30.523","file":"user/create.go:36","msg":"username is: [], password is []"}
{"level":"INFO","timestamp":"2020-03-04 23:00:57.323","file":"user/create.go:28","msg":"URL username: admin"}
{"level":"INFO","timestamp":"2020-03-04 23:00:57.323","file":"user/create.go:31","msg":"URL key param desc: "}
{"level":"INFO","timestamp":"2020-03-04 23:00:57.323","file":"user/create.go:34","msg":"URL content type is: "}
{"level":"DEBUG","timestamp":"2020-03-04 23:00:57.323","file":"user/create.go:36","msg":"username is: [], password is []"}
{"level":"INFO","timestamp":"2020-03-04 23:02:07.887","file":"model/init.go:52","msg":"Connect Database success!"}
{"level":"INFO","timestamp":"2020-03-04 23:02:07.889","file":"model/init.go:52","msg":"Connect Database success!"}
{"level":"INFO","timestamp":"2020-03-04 23:02:11.414","file":"user/create.go:28","msg":"URL username: admin"}
{"level":"INFO","timestamp":"2020-03-04 23:02:11.414","file":"user/create.go:31","msg":"URL key param desc: "}
{"level":"INFO","timestamp":"2020-03-04 23:02:11.414","file":"user/create.go:34","msg":"URL content type is: "}
{"level":"DEBUG","timestamp":"2020-03-04 23:02:11.414","file":"user/create.go:36","msg":"username is: [], password is []"}
{"level":"INFO","timestamp":"2020-03-04 23:02:13.572","file":"user/create.go:28","msg":"URL username: admin"}
{"level":"INFO","timestamp":"2020-03-04 23:02:13.572","file":"user/create.go:31","msg":"URL key param desc: "}
{"level":"INFO","timestamp":"2020-03-04 23:02:13.572","file":"user/create.go:34","msg":"URL content type is: "}
{"level":"DEBUG","timestamp":"2020-03-04 23:02:13.572","file":"user/create.go:36","msg":"username is: [], password is []"}
{"level":"INFO","timestamp":"2020-03-04 23:03:01.836","file":"model/init.go:52","msg":"Connect Database success!"}
{"level":"INFO","timestamp":"2020-03-04 23:03:01.838","file":"model/init.go:52","msg":"Connect Database success!"}
{"level":"INFO","timestamp":"2020-03-04 23:03:20.305","file":"user/create.go:28","msg":"URL username: admin"}
{"level":"INFO","timestamp":"2020-03-04 23:03:20.305","file":"user/create.go:31","msg":"URL key param desc: "}
{"level":"INFO","timestamp":"2020-03-04 23:03:20.305","file":"user/create.go:34","msg":"URL content type is: "}
{"level":"DEBUG","timestamp":"2020-03-04 23:03:20.305","file":"user/create.go:36","msg":"username is: [], password is []"}
{"level":"INFO","timestamp":"2020-03-04 23:03:45.109","file":"model/init.go:52","msg":"Connect Database success!"}
{"level":"INFO","timestamp":"2020-03-04 23:03:45.112","file":"model/init.go:52","msg":"Connect Database success!"}
{"level":"INFO","timestamp":"2020-03-04 23:03:46.870","file":"user/create.go:29","msg":"URL username: admin"}
{"level":"INFO","timestamp":"2020-03-04 23:03:46.870","file":"user/create.go:32","msg":"URL key param desc: "}
{"level":"INFO","timestamp":"2020-03-04 23:03:46.870","file":"user/create.go:35","msg":"URL content type is: "}
{"level":"DEBUG","timestamp":"2020-03-04 23:03:46.870","file":"user/create.go:37","msg":"username is: [], password is []"}
{"level":"INFO","timestamp":"2020-03-04 23:04:18.151","file":"user/create.go:29","msg":"URL username: admin"}
{"level":"INFO","timestamp":"2020-03-04 23:04:18.151","file":"user/create.go:32","msg":"URL key param desc: "}
{"level":"INFO","timestamp":"2020-03-04 23:04:18.152","file":"user/create.go:35","msg":"URL content type is: "}
{"level":"DEBUG","timestamp":"2020-03-04 23:04:18.152","file":"user/create.go:37","msg":"username is: [], password is []"}
{"level":"INFO","timestamp":"2020-03-08 11:23:33.411","file":"model/init.go:52","msg":"Connect Database success!"}
{"level":"INFO","timestamp":"2020-03-08 11:23:33.413","file":"model/init.go:52","msg":"Connect Database success!"}
{"level":"INFO","timestamp":"2020-03-08 16:44:41.744","file":"model/init.go:52","msg":"Connect Database success!"}
{"level":"INFO","timestamp":"2020-03-08 16:44:41.746","file":"model/init.go:52","msg":"Connect Database success!"}
{"level":"INFO","timestamp":"2020-03-08 16:49:15.065","file":"model/init.go:52","msg":"Connect Database success!"}
{"level":"INFO","timestamp":"2020-03-08 16:49:15.067","file":"model/init.go:52","msg":"Connect Database success!"}
{"level":"INFO","timestamp":"2020-03-08 16:49:48.581","file":"model/init.go:52","msg":"Connect Database success!"}
{"level":"INFO","timestamp":"2020-03-08 16:49:48.582","file":"model/init.go:52","msg":"Connect Database success!"}
{"level":"INFO","timestamp":"2020-03-08 16:54:27.572","file":"model/init.go:52","msg":"Connect Database success!"}
{"level":"INFO","timestamp":"2020-03-08 16:54:27.573","file":"model/init.go:52","msg":"Connect Database success!"}
{"level":"INFO","timestamp":"2020-03-08 17:00:20.789","file":"model/init.go:52","msg":"Connect Database success!"}
{"level":"INFO","timestamp":"2020-03-08 17:00:20.791","file":"model/init.go:52","msg":"Connect Database success!"}
{"level":"INFO","timestamp":"2020-03-08 17:01:19.451","file":"model/init.go:52","msg":"Connect Database success!"}
{"level":"INFO","timestamp":"2020-03-08 17:01:19.453","file":"model/init.go:52","msg":"Connect Database success!"}
{"level":"INFO","timestamp":"2020-03-08 17:06:05.894","file":"model/init.go:52","msg":"Connect Database success!"}
{"level":"INFO","timestamp":"2020-03-08 17:06:05.895","file":"model/init.go:52","msg":"Connect Database success!"}
{"level":"INFO","timestamp":"2020-03-08 17:07:00.406","file":"model/init.go:52","msg":"Connect Database success!"}
{"level":"INFO","timestamp":"2020-03-08 17:07:00.408","file":"model/init.go:52","msg":"Connect Database success!"}
{"level":"INFO","timestamp":"2020-03-08 17:08:23.259","file":"model/init.go:52","msg":"Connect Database success!"}
{"level":"INFO","timestamp":"2020-03-08 17:08:23.261","file":"model/init.go:52","msg":"Connect Database success!"}
{"level":"INFO","timestamp":"2020-03-08 17:10:46.422","file":"model/init.go:52","msg":"Connect Database success!"}
{"level":"INFO","timestamp":"2020-03-08 17:10:46.426","file":"model/init.go:52","msg":"Connect Database success!"}
{"level":"INFO","timestamp":"2020-03-08 17:12:51.283","file":"model/init.go:52","msg":"Connect Database success!"}
{"level":"INFO","timestamp":"2020-03-08 17:12:51.286","file":"model/init.go:52","msg":"Connect Database success!"}
{"level":"INFO","timestamp":"2020-03-08 17:14:50.136","file":"model/init.go:52","msg":"Connect Database success!"}
{"level":"INFO","timestamp":"2020-03-08 17:14:50.137","file":"model/init.go:52","msg":"Connect Database success!"}
{"level":"INFO","timestamp":"2020-03-08 17:18:38.473","file":"model/init.go:52","msg":"Connect Database success!"}
{"level":"INFO","timestamp":"2020-03-08 17:18:38.474","file":"model/init.go:52","msg":"Connect Database success!"}
{"level":"INFO","timestamp":"2020-03-08 17:21:23.901","file":"model/init.go:52","msg":"Connect Database success!"}
{"level":"INFO","timestamp":"2020-03-08 17:21:23.902","file":"model/init.go:52","msg":"Connect Database success!"}
{"level":"INFO","timestamp":"2020-03-08 17:21:41.746","file":"model/init.go:52","msg":"Connect Database success!"}
{"level":"INFO","timestamp":"2020-03-08 17:21:41.749","file":"model/init.go:52","msg":"Connect Database success!"}
{"level":"INFO","timestamp":"2020-03-08 17:22:01.865","file":"model/init.go:52","msg":"Connect Database success!"}
{"level":"INFO","timestamp":"2020-03-08 17:22:01.867","file":"model/init.go:52","msg":"Connect Database success!"}
{"level":"INFO","timestamp":"2020-03-08 17:22:35.098","file":"model/init.go:52","msg":"Connect Database success!"}
{"level":"INFO","timestamp":"2020-03-08 17:22:35.100","file":"model/init.go:52","msg":"Connect Database success!"}
{"level":"INFO","timestamp":"2020-03-08 22:25:29.895","file":"model/init.go:52","msg":"Connect Database success!"}
{"level":"INFO","timestamp":"2020-03-08 22:25:29.898","file":"model/init.go:52","msg":"Connect Database success!"}
{"level":"INFO","timestamp":"2020-03-09 21:43:39.410","file":"model/init.go:52","msg":"Connect Database success!"}
{"level":"INFO","timestamp":"2020-03-09 21:43:39.412","file":"model/init.go:52","msg":"Connect Database success!"}
{"level":"INFO","timestamp":"2020-03-09 21:47:47.053","file":"model/init.go:52","msg":"Connect Database success!"}
{"level":"INFO","timestamp":"2020-03-09 21:47:47.055","file":"model/init.go:52","msg":"Connect Database success!"}
{"level":"INFO","timestamp":"2020-03-09 22:12:26.439","file":"model/init.go:52","msg":"Connect Database success!"}
{"level":"INFO","timestamp":"2020-03-09 22:12:26.441","file":"model/init.go:52","msg":"Connect Database success!"}
{"level":"INFO","timestamp":"2020-03-09 22:12:56.450","file":"model/init.go:52","msg":"Connect Database success!"}
{"level":"INFO","timestamp":"2020-03-09 22:12:56.451","file":"model/init.go:52","msg":"Connect Database success!"}
{"level":"INFO","timestamp":"2020-03-09 22:13:11.151","file":"model/init.go:52","msg":"Connect Database success!"}
{"level":"INFO","timestamp":"2020-03-09 22:13:11.153","file":"model/init.go:52","msg":"Connect Database success!"}
{"level":"INFO","timestamp":"2020-03-09 22:13:25.528","file":"model/init.go:52","msg":"Connect Database success!"}
{"level":"INFO","timestamp":"2020-03-09 22:13:25.529","file":"model/init.go:52","msg":"Connect Database success!"}
{"level":"INFO","timestamp":"2020-03-11 22:11:40.724","file":"model/init.go:52","msg":"Connect Database success!"}
{"level":"INFO","timestamp":"2020-03-11 22:11:40.726","file":"model/init.go:52","msg":"Connect Database success!"}
{"level":"INFO","timestamp":"2020-03-11 22:15:02.790","file":"model/init.go:52","msg":"Connect Database success!"}
{"level":"INFO","timestamp":"2020-03-11 22:15:02.791","file":"model/init.go:52","msg":"Connect Database success!"}
{"level":"INFO","timestamp":"2020-03-11 22:17:33.397","file":"model/init.go:52","msg":"Connect Database success!"}
{"level":"INFO","timestamp":"2020-03-11 22:17:33.398","file":"model/init.go:52","msg":"Connect Database success!"}
{"level":"INFO","timestamp":"2020-03-11 22:17:59.152","file":"model/init.go:52","msg":"Connect Database success!"}
{"level":"INFO","timestamp":"2020-03-11 22:17:59.154","file":"model/init.go:52","msg":"Connect Database success!"}
{"level":"INFO","timestamp":"2020-03-11 22:18:15.107","file":"model/init.go:52","msg":"Connect Database success!"}
{"level":"INFO","timestamp":"2020-03-11 22:18:15.110","file":"model/init.go:52","msg":"Connect Database success!"}
{"level":"INFO","timestamp":"2020-03-12 19:21:17.756","file":"model/init.go:52","msg":"Connect Database success!"}
{"level":"INFO","timestamp":"2020-03-12 19:21:17.757","file":"model/init.go:52","msg":"Connect Database success!"}
{"level":"INFO","timestamp":"2020-03-12 19:22:45.934","file":"model/init.go:52","msg":"Connect Database success!"}
{"level":"INFO","timestamp":"2020-03-12 19:22:45.936","file":"model/init.go:52","msg":"Connect Database success!"}
{"level":"INFO","timestamp":"2020-03-12 19:36:02.117","file":"model/init.go:52","msg":"Connect Database success!"}
{"level":"INFO","timestamp":"2020-03-12 19:36:02.120","file":"model/init.go:52","msg":"Connect Database success!"}
{"level":"INFO","timestamp":"2020-03-12 19:40:36.118","file":"model/init.go:52","msg":"Connect Database success!"}
{"level":"INFO","timestamp":"2020-03-12 19:40:36.120","file":"model/init.go:52","msg":"Connect Database success!"}
{"level":"INFO","timestamp":"2020-03-12 19:42:03.969","file":"model/init.go:52","msg":"Connect Database success!"}
{"level":"INFO","timestamp":"2020-03-12 19:42:03.970","file":"model/init.go:52","msg":"Connect Database success!"}
{"level":"INFO","timestamp":"2020-03-12 19:42:37.209","file":"model/init.go:52","msg":"Connect Database success!"}
{"level":"INFO","timestamp":"2020-03-12 19:42:37.210","file":"model/init.go:52","msg":"Connect Database success!"}
{"level":"INFO","timestamp":"2020-03-12 19:43:01.179","file":"model/init.go:52","msg":"Connect Database success!"}
{"level":"INFO","timestamp":"2020-03-12 19:43:01.181","file":"model/init.go:52","msg":"Connect Database success!"}
{"level":"INFO","timestamp":"2020-03-12 19:43:20.895","file":"model/init.go:52","msg":"Connect Database success!"}
{"level":"INFO","timestamp":"2020-03-12 19:43:20.897","file":"model/init.go:52","msg":"Connect Database success!"}
{"level":"INFO","timestamp":"2020-03-12 19:44:40.538","file":"model/init.go:52","msg":"Connect Database success!"}
{"level":"INFO","timestamp":"2020-03-12 19:44:40.541","file":"model/init.go:52","msg":"Connect Database success!"}
{"level":"INFO","timestamp":"2020-03-12 19:46:55.548","file":"model/init.go:52","msg":"Connect Database success!"}
{"level":"INFO","timestamp":"2020-03-12 19:46:55.550","file":"model/init.go:52","msg":"Connect Database success!"}
{"level":"INFO","timestamp":"2020-03-12 19:49:42.725","file":"model/init.go:52","msg":"Connect Database success!"}
{"level":"INFO","timestamp":"2020-03-12 19:49:42.726","file":"model/init.go:52","msg":"Connect Database success!"}
{"level":"INFO","timestamp":"2020-03-12 19:51:31.228","file":"model/init.go:52","msg":"Connect Database success!"}
{"level":"INFO","timestamp":"2020-03-12 19:51:31.229","file":"model/init.go:52","msg":"Connect Database success!"}
{"level":"DEBUG","timestamp":"2020-03-12 19:51:35.218","file":"token/token.go:72","msg":"tokenString is:eyJhbGciOiJIUzI1NiIsInR5cCI6IkpXVCJ9.eyJpYXQiOjE1ODQwMTM4OTUsImlkIjo0LCJuYmYiOjE1ODQwMTM4OTUsInVzZXJuYW1lIjoiYWRtaW4zIn0.O91jXfC4xA7ptkG5eurqCdATS2grr41EtgqTvHPlsas"}
{"level":"INFO","timestamp":"2020-03-12 19:56:34.083","file":"model/init.go:52","msg":"Connect Database success!"}
{"level":"INFO","timestamp":"2020-03-12 19:56:34.084","file":"model/init.go:52","msg":"Connect Database success!"}
{"level":"INFO","timestamp":"2020-03-12 19:56:51.485","file":"model/init.go:52","msg":"Connect Database success!"}
{"level":"INFO","timestamp":"2020-03-12 19:56:51.486","file":"model/init.go:52","msg":"Connect Database success!"}
{"level":"INFO","timestamp":"2020-03-12 19:57:34.792","file":"model/init.go:52","msg":"Connect Database success!"}
{"level":"INFO","timestamp":"2020-03-12 19:57:34.793","file":"model/init.go:52","msg":"Connect Database success!"}
{"level":"INFO","timestamp":"2020-03-12 19:59:17.223","file":"model/init.go:52","msg":"Connect Database success!"}
{"level":"INFO","timestamp":"2020-03-12 19:59:17.224","file":"model/init.go:52","msg":"Connect Database success!"}
{"level":"DEBUG","timestamp":"2020-03-12 19:59:37.649","file":"token/token.go:72","msg":"tokenString is:eyJhbGciOiJIUzI1NiIsInR5cCI6IkpXVCJ9.eyJpYXQiOjE1ODQwMTQzNzcsImlkIjo0LCJuYmYiOjE1ODQwMTQzNzcsInVzZXJuYW1lIjoiYWRtaW4zIn0.U09yQg4K2YyRkHJR7oFAev9zszdoXmy87HFsL4LpV5E"}
{"level":"INFO","timestamp":"2020-03-12 20:08:07.783","file":"model/init.go:52","msg":"Connect Database success!"}
{"level":"INFO","timestamp":"2020-03-12 20:08:07.785","file":"model/init.go:52","msg":"Connect Database success!"}
{"level":"INFO","timestamp":"2020-03-12 20:12:46.439","file":"model/init.go:52","msg":"Connect Database success!"}
{"level":"INFO","timestamp":"2020-03-12 20:12:46.440","file":"model/init.go:52","msg":"Connect Database success!"}
{"level":"INFO","timestamp":"2020-03-12 20:14:46.014","file":"model/init.go:52","msg":"Connect Database success!"}
{"level":"INFO","timestamp":"2020-03-12 20:14:46.016","file":"model/init.go:52","msg":"Connect Database success!"}
{"level":"INFO","timestamp":"2020-03-14 22:35:46.732","file":"model/init.go:52","msg":"Connect Database success!"}
{"level":"INFO","timestamp":"2020-03-14 22:35:46.734","file":"model/init.go:52","msg":"Connect Database success!"}
{"level":"DEBUG","timestamp":"2020-03-14 22:36:18.707","file":"token/token.go:72","msg":"tokenString is:eyJhbGciOiJIUzI1NiIsInR5cCI6IkpXVCJ9.eyJpYXQiOjE1ODQxOTY1NzgsImlkIjo0LCJuYmYiOjE1ODQxOTY1NzgsInVzZXJuYW1lIjoiYWRtaW4zIn0.0QaI4bGHdewuo0iiAJjxPhIe9J625TexhuinwlQqarA"}
{"level":"INFO","timestamp":"2020-03-14 22:38:24.468","file":"user/update.go:16","msg":"Call update user"}
